[debug] [2019-10-03T14:01:49.545Z] ----------------------------------------------------------------------
[debug] [2019-10-03T14:01:49.548Z] Command:       C:\Program Files\nodejs\node.exe C:\Users\Suporte\AppData\Roaming\npm\node_modules\firebase-tools\lib\bin\firebase.js serve --only functions
[debug] [2019-10-03T14:01:49.548Z] CLI Version:   7.4.0
[debug] [2019-10-03T14:01:49.548Z] Platform:      win32
[debug] [2019-10-03T14:01:49.548Z] Node Version:  v10.16.3
[debug] [2019-10-03T14:01:49.549Z] Time:          Thu Oct 03 2019 11:01:49 GMT-0300 (GMT-03:00)
[debug] [2019-10-03T14:01:49.549Z] ----------------------------------------------------------------------
[debug] 
[debug] [2019-10-03T14:01:49.560Z] > command requires scopes: ["email","openid","https://www.googleapis.com/auth/cloudplatformprojects.readonly","https://www.googleapis.com/auth/firebase","https://www.googleapis.com/auth/cloud-platform"]
[debug] [2019-10-03T14:01:49.561Z] > authorizing via signed-in user
[debug] [2019-10-03T14:01:49.561Z] [iam] checking project chatbot-8da63 for permissions ["firebase.projects.get"]
[debug] [2019-10-03T14:01:49.564Z] > refreshing access token with scopes: ["email","https://www.googleapis.com/auth/cloud-platform","https://www.googleapis.com/auth/cloudplatformprojects.readonly","https://www.googleapis.com/auth/firebase","openid"]
[debug] [2019-10-03T14:01:49.564Z] >>> HTTP REQUEST POST https://www.googleapis.com/oauth2/v3/token  
 <request body omitted>
[debug] [2019-10-03T14:01:49.958Z] <<< HTTP RESPONSE 200
[debug] [2019-10-03T14:01:50.017Z] >>> HTTP REQUEST POST https://cloudresourcemanager.googleapis.com/v1/projects/chatbot-8da63:testIamPermissions  

[debug] [2019-10-03T14:01:50.699Z] <<< HTTP RESPONSE 200
[debug] [2019-10-03T14:01:50.701Z] >>> HTTP REQUEST GET https://firebase.googleapis.com/v1beta1/projects/chatbot-8da63  
 
[debug] [2019-10-03T14:01:51.493Z] <<< HTTP RESPONSE 200
[info] +  functions: Using node@10 from host.
[info] +  functions: Emulator started at http://localhost:5000
[info] i  functions: Watching "C:\Users\Suporte\chat-app\functions" for Cloud Functions...
[debug] [2019-10-03T14:01:52.396Z] [runtime-status] Functions runtime initialized. {"cwd":"C:\\Users\\Suporte\\chat-app\\functions","node_version":"10.16.3"}
[debug] [2019-10-03T14:01:52.397Z] [runtime-status] Disabled runtime features: {"functions_config_helper":true,"network_filtering":true,"timeout":true,"memory_limiting":true,"admin_stubs":true} {}
[debug] [2019-10-03T14:01:52.401Z] [runtime-status] Resolved module firebase-admin {"declared":true,"installed":true,"version":"8.6.0","resolution":"C:\\Users\\Suporte\\chat-app\\functions\\node_modules\\firebase-admin\\lib\\index.js"}
[debug] [2019-10-03T14:01:52.403Z] [runtime-status] Resolved module firebase-functions {"declared":true,"installed":true,"version":"3.2.0","resolution":"C:\\Users\\Suporte\\chat-app\\functions\\node_modules\\firebase-functions\\lib\\index.js"}
[debug] [2019-10-03T14:01:52.405Z] [runtime-status] Resolved module firebase-functions {"declared":true,"installed":true,"version":"3.2.0","resolution":"C:\\Users\\Suporte\\chat-app\\functions\\node_modules\\firebase-functions\\lib\\index.js"}
[info] +  functions[conversa]: http function initialized (http://localhost:5000/chatbot-8da63/us-central1/conversa).
[debug] [2019-10-03T14:02:04.337Z] Accepted request GET /chatbot-8da63/us-central1/conversa --> conversa
[debug] [2019-10-03T14:02:04.929Z] [runtime-status] Functions runtime initialized. {"cwd":"C:\\Users\\Suporte\\chat-app\\functions","node_version":"10.16.3"}
[info] i  functions: Beginning execution of "conversa"
[debug] [2019-10-03T14:02:04.931Z] [runtime-status] Disabled runtime features: {"functions_config_helper":true,"network_filtering":true,"timeout":true,"memory_limiting":true,"admin_stubs":true} {}
[debug] [2019-10-03T14:02:04.936Z] [runtime-status] Resolved module firebase-admin {"declared":true,"installed":true,"version":"8.6.0","resolution":"C:\\Users\\Suporte\\chat-app\\functions\\node_modules\\firebase-admin\\lib\\index.js"}
[debug] [2019-10-03T14:02:04.938Z] [runtime-status] Resolved module firebase-functions {"declared":true,"installed":true,"version":"3.2.0","resolution":"C:\\Users\\Suporte\\chat-app\\functions\\node_modules\\firebase-functions\\lib\\index.js"}
[debug] [2019-10-03T14:02:04.939Z] [runtime-status] Resolved module firebase-functions {"declared":true,"installed":true,"version":"3.2.0","resolution":"C:\\Users\\Suporte\\chat-app\\functions\\node_modules\\firebase-functions\\lib\\index.js"}
[debug] [2019-10-03T14:02:05.125Z] [runtime-status] Trigger "conversa" has been found, beginning invocation! {}
[debug] [2019-10-03T14:02:05.125Z] [runtime-status]  {"httpsTrigger":{},"name":"conversa","entryPoint":"conversa"}
[debug] [2019-10-03T14:02:05.125Z] [runtime-status] Running conversa in mode HTTPS {}
[debug] [2019-10-03T14:02:05.135Z] {"socketPath":"\\\\?\\pipe\\C:\\Users\\Suporte\\chat-app\\functions\\5952"}
[debug] [2019-10-03T14:02:05.140Z] [functions] Runtime ready! Sending request! {"socketPath":"\\\\?\\pipe\\C:\\Users\\Suporte\\chat-app\\functions\\5952"}
[debug] [2019-10-03T14:02:05.152Z] [runtime-status] Ephemeral server used! {}
[debug] [2019-10-03T14:02:05.181Z] [runtime-status] Ephemeral server survived. {}
[info] >  watson disse:  Olá, eu sou a Iracema, assistente virtual do Grupo Nobre
[info] i  functions: Finished "conversa" in ~2s
[debug] [2019-10-03T14:02:18.101Z] Accepted request OPTIONS /chatbot-8da63/us-central1/conversa --> conversa
[debug] [2019-10-03T14:02:18.632Z] [runtime-status] Functions runtime initialized. {"cwd":"C:\\Users\\Suporte\\chat-app\\functions","node_version":"10.16.3"}
[info] i  functions: Beginning execution of "conversa"
[debug] [2019-10-03T14:02:18.632Z] [runtime-status] Disabled runtime features: {"functions_config_helper":true,"network_filtering":true,"timeout":true,"memory_limiting":true,"admin_stubs":true} {}
[debug] [2019-10-03T14:02:18.637Z] [runtime-status] Resolved module firebase-admin {"declared":true,"installed":true,"version":"8.6.0","resolution":"C:\\Users\\Suporte\\chat-app\\functions\\node_modules\\firebase-admin\\lib\\index.js"}
[debug] [2019-10-03T14:02:18.639Z] [runtime-status] Resolved module firebase-functions {"declared":true,"installed":true,"version":"3.2.0","resolution":"C:\\Users\\Suporte\\chat-app\\functions\\node_modules\\firebase-functions\\lib\\index.js"}
[debug] [2019-10-03T14:02:18.641Z] [runtime-status] Resolved module firebase-functions {"declared":true,"installed":true,"version":"3.2.0","resolution":"C:\\Users\\Suporte\\chat-app\\functions\\node_modules\\firebase-functions\\lib\\index.js"}
[debug] [2019-10-03T14:02:18.833Z] [runtime-status] Trigger "conversa" has been found, beginning invocation! {}
[debug] [2019-10-03T14:02:18.833Z] [runtime-status]  {"httpsTrigger":{},"name":"conversa","entryPoint":"conversa"}
[debug] [2019-10-03T14:02:18.833Z] [runtime-status] Running conversa in mode HTTPS {}
[debug] [2019-10-03T14:02:18.844Z] {"socketPath":"\\\\?\\pipe\\C:\\Users\\Suporte\\chat-app\\functions\\6236"}
[debug] [2019-10-03T14:02:18.846Z] [functions] Runtime ready! Sending request! {"socketPath":"\\\\?\\pipe\\C:\\Users\\Suporte\\chat-app\\functions\\6236"}
[debug] [2019-10-03T14:02:18.859Z] [runtime-status] Ephemeral server used! {}
[debug] [2019-10-03T14:02:18.890Z] [runtime-status] Ephemeral server survived. {}
[info] >  watson disse:  Olá, eu sou a Iracema, assistente virtual do Grupo Nobre
[info] i  functions: Finished "conversa" in ~1s
[debug] [2019-10-03T14:02:38.742Z] Accepted request GET /chatbot-8da63/us-central1/conversa --> conversa
[debug] [2019-10-03T14:02:39.392Z] [runtime-status] Functions runtime initialized. {"cwd":"C:\\Users\\Suporte\\chat-app\\functions","node_version":"10.16.3"}
[info] i  functions: Beginning execution of "conversa"
[debug] [2019-10-03T14:02:39.393Z] [runtime-status] Disabled runtime features: {"functions_config_helper":true,"network_filtering":true,"timeout":true,"memory_limiting":true,"admin_stubs":true} {}
[debug] [2019-10-03T14:02:39.397Z] [runtime-status] Resolved module firebase-admin {"declared":true,"installed":true,"version":"8.6.0","resolution":"C:\\Users\\Suporte\\chat-app\\functions\\node_modules\\firebase-admin\\lib\\index.js"}
[debug] [2019-10-03T14:02:39.400Z] [runtime-status] Resolved module firebase-functions {"declared":true,"installed":true,"version":"3.2.0","resolution":"C:\\Users\\Suporte\\chat-app\\functions\\node_modules\\firebase-functions\\lib\\index.js"}
[debug] [2019-10-03T14:02:39.401Z] [runtime-status] Resolved module firebase-functions {"declared":true,"installed":true,"version":"3.2.0","resolution":"C:\\Users\\Suporte\\chat-app\\functions\\node_modules\\firebase-functions\\lib\\index.js"}
[debug] [2019-10-03T14:02:39.605Z] [runtime-status] Trigger "conversa" has been found, beginning invocation! {}
[debug] [2019-10-03T14:02:39.605Z] [runtime-status]  {"httpsTrigger":{},"name":"conversa","entryPoint":"conversa"}
[debug] [2019-10-03T14:02:39.605Z] [runtime-status] Running conversa in mode HTTPS {}
[debug] [2019-10-03T14:02:39.618Z] {"socketPath":"\\\\?\\pipe\\C:\\Users\\Suporte\\chat-app\\functions\\5312"}
[debug] [2019-10-03T14:02:39.619Z] [functions] Runtime ready! Sending request! {"socketPath":"\\\\?\\pipe\\C:\\Users\\Suporte\\chat-app\\functions\\5312"}
[debug] [2019-10-03T14:02:39.628Z] [runtime-status] Ephemeral server used! {}
[debug] [2019-10-03T14:02:39.668Z] [runtime-status] Ephemeral server survived. {}
[info] >  watson disse:  Olá, eu sou a Iracema, assistente virtual do Grupo Nobre
[info] i  functions: Finished "conversa" in ~1s
[debug] [2019-10-03T14:03:00.189Z] Accepted request OPTIONS /chatbot-8da63/us-central1/conversa --> conversa
[debug] [2019-10-03T14:03:00.816Z] [runtime-status] Functions runtime initialized. {"cwd":"C:\\Users\\Suporte\\chat-app\\functions","node_version":"10.16.3"}
[info] i  functions: Beginning execution of "conversa"
[debug] [2019-10-03T14:03:00.818Z] [runtime-status] Disabled runtime features: {"functions_config_helper":true,"network_filtering":true,"timeout":true,"memory_limiting":true,"admin_stubs":true} {}
[debug] [2019-10-03T14:03:00.822Z] [runtime-status] Resolved module firebase-admin {"declared":true,"installed":true,"version":"8.6.0","resolution":"C:\\Users\\Suporte\\chat-app\\functions\\node_modules\\firebase-admin\\lib\\index.js"}
[debug] [2019-10-03T14:03:00.824Z] [runtime-status] Resolved module firebase-functions {"declared":true,"installed":true,"version":"3.2.0","resolution":"C:\\Users\\Suporte\\chat-app\\functions\\node_modules\\firebase-functions\\lib\\index.js"}
[debug] [2019-10-03T14:03:00.826Z] [runtime-status] Resolved module firebase-functions {"declared":true,"installed":true,"version":"3.2.0","resolution":"C:\\Users\\Suporte\\chat-app\\functions\\node_modules\\firebase-functions\\lib\\index.js"}
[debug] [2019-10-03T14:03:01.010Z] [runtime-status] Trigger "conversa" has been found, beginning invocation! {}
[debug] [2019-10-03T14:03:01.010Z] [runtime-status]  {"httpsTrigger":{},"name":"conversa","entryPoint":"conversa"}
[debug] [2019-10-03T14:03:01.010Z] [runtime-status] Running conversa in mode HTTPS {}
[debug] [2019-10-03T14:03:01.020Z] {"socketPath":"\\\\?\\pipe\\C:\\Users\\Suporte\\chat-app\\functions\\6300"}
[debug] [2019-10-03T14:03:01.022Z] [functions] Runtime ready! Sending request! {"socketPath":"\\\\?\\pipe\\C:\\Users\\Suporte\\chat-app\\functions\\6300"}
[debug] [2019-10-03T14:03:01.029Z] [runtime-status] Ephemeral server used! {}
[debug] [2019-10-03T14:03:01.064Z] [runtime-status] Ephemeral server survived. {}
[info] >  watson disse:  Olá, eu sou a Iracema, assistente virtual do Grupo Nobre
[info] i  functions: Finished "conversa" in ~2s
[debug] [2019-10-03T14:03:05.451Z] Accepted request OPTIONS /chatbot-8da63/us-central1/conversa --> conversa
[debug] [2019-10-03T14:03:06.069Z] [runtime-status] Functions runtime initialized. {"cwd":"C:\\Users\\Suporte\\chat-app\\functions","node_version":"10.16.3"}
[info] i  functions: Beginning execution of "conversa"
[debug] [2019-10-03T14:03:06.069Z] [runtime-status] Disabled runtime features: {"functions_config_helper":true,"network_filtering":true,"timeout":true,"memory_limiting":true,"admin_stubs":true} {}
[debug] [2019-10-03T14:03:06.074Z] [runtime-status] Resolved module firebase-admin {"declared":true,"installed":true,"version":"8.6.0","resolution":"C:\\Users\\Suporte\\chat-app\\functions\\node_modules\\firebase-admin\\lib\\index.js"}
[debug] [2019-10-03T14:03:06.076Z] [runtime-status] Resolved module firebase-functions {"declared":true,"installed":true,"version":"3.2.0","resolution":"C:\\Users\\Suporte\\chat-app\\functions\\node_modules\\firebase-functions\\lib\\index.js"}
[debug] [2019-10-03T14:03:06.077Z] [runtime-status] Resolved module firebase-functions {"declared":true,"installed":true,"version":"3.2.0","resolution":"C:\\Users\\Suporte\\chat-app\\functions\\node_modules\\firebase-functions\\lib\\index.js"}
[debug] [2019-10-03T14:03:06.245Z] [runtime-status] Trigger "conversa" has been found, beginning invocation! {}
[debug] [2019-10-03T14:03:06.245Z] [runtime-status]  {"httpsTrigger":{},"name":"conversa","entryPoint":"conversa"}
[debug] [2019-10-03T14:03:06.245Z] [runtime-status] Running conversa in mode HTTPS {}
[debug] [2019-10-03T14:03:06.258Z] {"socketPath":"\\\\?\\pipe\\C:\\Users\\Suporte\\chat-app\\functions\\3912"}
[debug] [2019-10-03T14:03:06.259Z] [functions] Runtime ready! Sending request! {"socketPath":"\\\\?\\pipe\\C:\\Users\\Suporte\\chat-app\\functions\\3912"}
[debug] [2019-10-03T14:03:06.269Z] [runtime-status] Ephemeral server used! {}
[debug] [2019-10-03T14:03:06.302Z] [runtime-status] Ephemeral server survived. {}
[info] >  watson disse:  Olá, eu sou a Iracema, assistente virtual do Grupo Nobre
[info] i  functions: Finished "conversa" in ~1s
[debug] [2019-10-03T14:03:39.144Z] Accepted request OPTIONS /chatbot-8da63/us-central1/conversa --> conversa
[debug] [2019-10-03T14:03:39.712Z] [runtime-status] Functions runtime initialized. {"cwd":"C:\\Users\\Suporte\\chat-app\\functions","node_version":"10.16.3"}
[info] i  functions: Beginning execution of "conversa"
[debug] [2019-10-03T14:03:39.713Z] [runtime-status] Disabled runtime features: {"functions_config_helper":true,"network_filtering":true,"timeout":true,"memory_limiting":true,"admin_stubs":true} {}
[debug] [2019-10-03T14:03:39.718Z] [runtime-status] Resolved module firebase-admin {"declared":true,"installed":true,"version":"8.6.0","resolution":"C:\\Users\\Suporte\\chat-app\\functions\\node_modules\\firebase-admin\\lib\\index.js"}
[debug] [2019-10-03T14:03:39.721Z] [runtime-status] Resolved module firebase-functions {"declared":true,"installed":true,"version":"3.2.0","resolution":"C:\\Users\\Suporte\\chat-app\\functions\\node_modules\\firebase-functions\\lib\\index.js"}
[debug] [2019-10-03T14:03:39.722Z] [runtime-status] Resolved module firebase-functions {"declared":true,"installed":true,"version":"3.2.0","resolution":"C:\\Users\\Suporte\\chat-app\\functions\\node_modules\\firebase-functions\\lib\\index.js"}
[debug] [2019-10-03T14:03:39.897Z] [runtime-status] Trigger "conversa" has been found, beginning invocation! {}
[debug] [2019-10-03T14:03:39.897Z] [runtime-status]  {"httpsTrigger":{},"name":"conversa","entryPoint":"conversa"}
[debug] [2019-10-03T14:03:39.897Z] [runtime-status] Running conversa in mode HTTPS {}
[debug] [2019-10-03T14:03:39.909Z] {"socketPath":"\\\\?\\pipe\\C:\\Users\\Suporte\\chat-app\\functions\\3208"}
[debug] [2019-10-03T14:03:39.910Z] [functions] Runtime ready! Sending request! {"socketPath":"\\\\?\\pipe\\C:\\Users\\Suporte\\chat-app\\functions\\3208"}
[debug] [2019-10-03T14:03:39.921Z] [runtime-status] Ephemeral server used! {}
[debug] [2019-10-03T14:03:39.954Z] [runtime-status] Ephemeral server survived. {}
[info] >  watson disse:  Olá, eu sou a Iracema, assistente virtual do Grupo Nobre
[info] i  functions: Finished "conversa" in ~2s
[debug] [2019-10-03T14:04:55.138Z] Accepted request GET /chatbot-8da63/us-central1/conversa --> conversa
[debug] [2019-10-03T14:04:55.903Z] [runtime-status] Functions runtime initialized. {"cwd":"C:\\Users\\Suporte\\chat-app\\functions","node_version":"10.16.3"}
[info] i  functions: Beginning execution of "conversa"
[debug] [2019-10-03T14:04:55.903Z] [runtime-status] Disabled runtime features: {"functions_config_helper":true,"network_filtering":true,"timeout":true,"memory_limiting":true,"admin_stubs":true} {}
[debug] [2019-10-03T14:04:55.908Z] [runtime-status] Resolved module firebase-admin {"declared":true,"installed":true,"version":"8.6.0","resolution":"C:\\Users\\Suporte\\chat-app\\functions\\node_modules\\firebase-admin\\lib\\index.js"}
[debug] [2019-10-03T14:04:55.911Z] [runtime-status] Resolved module firebase-functions {"declared":true,"installed":true,"version":"3.2.0","resolution":"C:\\Users\\Suporte\\chat-app\\functions\\node_modules\\firebase-functions\\lib\\index.js"}
[debug] [2019-10-03T14:04:55.912Z] [runtime-status] Resolved module firebase-functions {"declared":true,"installed":true,"version":"3.2.0","resolution":"C:\\Users\\Suporte\\chat-app\\functions\\node_modules\\firebase-functions\\lib\\index.js"}
[debug] [2019-10-03T14:04:56.111Z] [runtime-status] Trigger "conversa" has been found, beginning invocation! {}
[debug] [2019-10-03T14:04:56.111Z] [runtime-status]  {"httpsTrigger":{},"name":"conversa","entryPoint":"conversa"}
[debug] [2019-10-03T14:04:56.111Z] [runtime-status] Running conversa in mode HTTPS {}
[debug] [2019-10-03T14:04:56.125Z] {"socketPath":"\\\\?\\pipe\\C:\\Users\\Suporte\\chat-app\\functions\\6104"}
[debug] [2019-10-03T14:04:56.130Z] [functions] Runtime ready! Sending request! {"socketPath":"\\\\?\\pipe\\C:\\Users\\Suporte\\chat-app\\functions\\6104"}
[debug] [2019-10-03T14:04:56.146Z] [runtime-status] Ephemeral server used! {}
[debug] [2019-10-03T14:04:56.180Z] [runtime-status] Ephemeral server survived. {}
[info] >  watson disse:  Olá, eu sou a Iracema, assistente virtual do Grupo Nobre
[info] i  functions: Finished "conversa" in ~1s
[debug] [2019-10-03T14:09:48.452Z] Accepted request OPTIONS /chatbot-8da63/us-central1/conversa --> conversa
[debug] [2019-10-03T14:09:49.045Z] [runtime-status] Functions runtime initialized. {"cwd":"C:\\Users\\Suporte\\chat-app\\functions","node_version":"10.16.3"}
[info] i  functions: Beginning execution of "conversa"
[debug] [2019-10-03T14:09:49.045Z] [runtime-status] Disabled runtime features: {"functions_config_helper":true,"network_filtering":true,"timeout":true,"memory_limiting":true,"admin_stubs":true} {}
[debug] [2019-10-03T14:09:49.051Z] [runtime-status] Resolved module firebase-admin {"declared":true,"installed":true,"version":"8.6.0","resolution":"C:\\Users\\Suporte\\chat-app\\functions\\node_modules\\firebase-admin\\lib\\index.js"}
[debug] [2019-10-03T14:09:49.053Z] [runtime-status] Resolved module firebase-functions {"declared":true,"installed":true,"version":"3.2.0","resolution":"C:\\Users\\Suporte\\chat-app\\functions\\node_modules\\firebase-functions\\lib\\index.js"}
[debug] [2019-10-03T14:09:49.055Z] [runtime-status] Resolved module firebase-functions {"declared":true,"installed":true,"version":"3.2.0","resolution":"C:\\Users\\Suporte\\chat-app\\functions\\node_modules\\firebase-functions\\lib\\index.js"}
[debug] [2019-10-03T14:09:49.240Z] [runtime-status] Trigger "conversa" has been found, beginning invocation! {}
[debug] [2019-10-03T14:09:49.240Z] [runtime-status]  {"httpsTrigger":{},"name":"conversa","entryPoint":"conversa"}
[debug] [2019-10-03T14:09:49.240Z] [runtime-status] Running conversa in mode HTTPS {}
[debug] [2019-10-03T14:09:49.253Z] {"socketPath":"\\\\?\\pipe\\C:\\Users\\Suporte\\chat-app\\functions\\5956"}
[debug] [2019-10-03T14:09:49.255Z] [functions] Runtime ready! Sending request! {"socketPath":"\\\\?\\pipe\\C:\\Users\\Suporte\\chat-app\\functions\\5956"}
[debug] [2019-10-03T14:09:49.265Z] [runtime-status] Ephemeral server used! {}
[debug] [2019-10-03T14:09:49.302Z] [runtime-status] Ephemeral server survived. {}
[info] >  watson disse:  Olá, eu sou a Iracema, assistente virtual do Grupo Nobre
[info] i  functions: Finished "conversa" in ~2s
[debug] [2019-10-03T14:10:39.048Z] Accepted request OPTIONS /chatbot-8da63/us-central1/conversa --> conversa
[debug] [2019-10-03T14:10:39.617Z] [runtime-status] Functions runtime initialized. {"cwd":"C:\\Users\\Suporte\\chat-app\\functions","node_version":"10.16.3"}
[info] i  functions: Beginning execution of "conversa"
[debug] [2019-10-03T14:10:39.618Z] [runtime-status] Disabled runtime features: {"functions_config_helper":true,"network_filtering":true,"timeout":true,"memory_limiting":true,"admin_stubs":true} {}
[debug] [2019-10-03T14:10:39.623Z] [runtime-status] Resolved module firebase-admin {"declared":true,"installed":true,"version":"8.6.0","resolution":"C:\\Users\\Suporte\\chat-app\\functions\\node_modules\\firebase-admin\\lib\\index.js"}
[debug] [2019-10-03T14:10:39.625Z] [runtime-status] Resolved module firebase-functions {"declared":true,"installed":true,"version":"3.2.0","resolution":"C:\\Users\\Suporte\\chat-app\\functions\\node_modules\\firebase-functions\\lib\\index.js"}
[debug] [2019-10-03T14:10:39.626Z] [runtime-status] Resolved module firebase-functions {"declared":true,"installed":true,"version":"3.2.0","resolution":"C:\\Users\\Suporte\\chat-app\\functions\\node_modules\\firebase-functions\\lib\\index.js"}
[debug] [2019-10-03T14:10:39.815Z] [runtime-status] Trigger "conversa" has been found, beginning invocation! {}
[debug] [2019-10-03T14:10:39.815Z] [runtime-status]  {"httpsTrigger":{},"name":"conversa","entryPoint":"conversa"}
[debug] [2019-10-03T14:10:39.815Z] [runtime-status] Running conversa in mode HTTPS {}
[debug] [2019-10-03T14:10:39.826Z] {"socketPath":"\\\\?\\pipe\\C:\\Users\\Suporte\\chat-app\\functions\\7700"}
[debug] [2019-10-03T14:10:39.828Z] [functions] Runtime ready! Sending request! {"socketPath":"\\\\?\\pipe\\C:\\Users\\Suporte\\chat-app\\functions\\7700"}
[debug] [2019-10-03T14:10:39.841Z] [runtime-status] Ephemeral server used! {}
[debug] [2019-10-03T14:10:39.870Z] [runtime-status] Ephemeral server survived. {}
[info] >  watson disse:  Olá, eu sou a Iracema, assistente virtual do Grupo Nobre
[info] i  functions: Finished "conversa" in ~2s
[debug] [2019-10-03T14:20:08.276Z] Accepted request OPTIONS /chatbot-8da63/us-central1/conversa --> conversa
[debug] [2019-10-03T14:20:08.932Z] [runtime-status] Functions runtime initialized. {"cwd":"C:\\Users\\Suporte\\chat-app\\functions","node_version":"10.16.3"}
[info] i  functions: Beginning execution of "conversa"
[debug] [2019-10-03T14:20:08.933Z] [runtime-status] Disabled runtime features: {"functions_config_helper":true,"network_filtering":true,"timeout":true,"memory_limiting":true,"admin_stubs":true} {}
[debug] [2019-10-03T14:20:08.937Z] [runtime-status] Resolved module firebase-admin {"declared":true,"installed":true,"version":"8.6.0","resolution":"C:\\Users\\Suporte\\chat-app\\functions\\node_modules\\firebase-admin\\lib\\index.js"}
[debug] [2019-10-03T14:20:08.940Z] [runtime-status] Resolved module firebase-functions {"declared":true,"installed":true,"version":"3.2.0","resolution":"C:\\Users\\Suporte\\chat-app\\functions\\node_modules\\firebase-functions\\lib\\index.js"}
[debug] [2019-10-03T14:20:08.941Z] [runtime-status] Resolved module firebase-functions {"declared":true,"installed":true,"version":"3.2.0","resolution":"C:\\Users\\Suporte\\chat-app\\functions\\node_modules\\firebase-functions\\lib\\index.js"}
[debug] [2019-10-03T14:20:09.128Z] [runtime-status] Trigger "conversa" has been found, beginning invocation! {}
[debug] [2019-10-03T14:20:09.128Z] [runtime-status]  {"httpsTrigger":{},"name":"conversa","entryPoint":"conversa"}
[debug] [2019-10-03T14:20:09.129Z] [runtime-status] Running conversa in mode HTTPS {}
[debug] [2019-10-03T14:20:09.139Z] {"socketPath":"\\\\?\\pipe\\C:\\Users\\Suporte\\chat-app\\functions\\5848"}
[debug] [2019-10-03T14:20:09.140Z] [functions] Runtime ready! Sending request! {"socketPath":"\\\\?\\pipe\\C:\\Users\\Suporte\\chat-app\\functions\\5848"}
[debug] [2019-10-03T14:20:09.149Z] [runtime-status] Ephemeral server used! {}
[debug] [2019-10-03T14:20:09.182Z] [runtime-status] Ephemeral server survived. {}
[info] >  watson disse:  Olá, eu sou a Iracema, assistente virtual do Grupo Nobre
[info] i  functions: Finished "conversa" in ~3s
